{"C:\\Project\\Sample\\Albelli Test\\software-engineer-js-test\\app\\js\\imageTools.js": {"path":"C:\\Project\\Sample\\Albelli Test\\software-engineer-js-test\\app\\js\\imageTools.js","statementMap":{"0":{"start":{"line":1,"column":18},"end":{"line":13,"column":1}},"1":{"start":{"line":15,"column":17},"end":{"line":15,"column":19}},"2":{"start":{"line":26,"column":2},"end":{"line":26,"column":28}},"3":{"start":{"line":27,"column":2},"end":{"line":27,"column":59}},"4":{"start":{"line":29,"column":2},"end":{"line":29,"column":64}},"5":{"start":{"line":32,"column":2},"end":{"line":32,"column":37}},"6":{"start":{"line":33,"column":2},"end":{"line":33,"column":39}},"7":{"start":{"line":34,"column":2},"end":{"line":42,"column":4}},"8":{"start":{"line":44,"column":2},"end":{"line":44,"column":36}},"9":{"start":{"line":45,"column":2},"end":{"line":45,"column":35}},"10":{"start":{"line":47,"column":2},"end":{"line":47,"column":19}},"11":{"start":{"line":52,"column":23},"end":{"line":52,"column":43}},"12":{"start":{"line":55,"column":2},"end":{"line":65,"column":3}},"13":{"start":{"line":56,"column":4},"end":{"line":56,"column":58}},"14":{"start":{"line":57,"column":4},"end":{"line":59,"column":5}},"15":{"start":{"line":58,"column":6},"end":{"line":58,"column":67}},"16":{"start":{"line":61,"column":4},"end":{"line":61,"column":57}},"17":{"start":{"line":62,"column":4},"end":{"line":64,"column":5}},"18":{"start":{"line":63,"column":6},"end":{"line":63,"column":68}},"19":{"start":{"line":67,"column":2},"end":{"line":67,"column":16}},"20":{"start":{"line":71,"column":14},"end":{"line":71,"column":35}},"21":{"start":{"line":72,"column":2},"end":{"line":72,"column":68}},"22":{"start":{"line":76,"column":14},"end":{"line":76,"column":33}},"23":{"start":{"line":77,"column":2},"end":{"line":77,"column":68}},"24":{"start":{"line":81,"column":2},"end":{"line":81,"column":67}},"25":{"start":{"line":82,"column":2},"end":{"line":84,"column":3}},"26":{"start":{"line":83,"column":4},"end":{"line":83,"column":11}},"27":{"start":{"line":85,"column":2},"end":{"line":85,"column":66}},"28":{"start":{"line":86,"column":2},"end":{"line":86,"column":36}},"29":{"start":{"line":90,"column":2},"end":{"line":90,"column":67}},"30":{"start":{"line":91,"column":2},"end":{"line":93,"column":3}},"31":{"start":{"line":92,"column":4},"end":{"line":92,"column":11}},"32":{"start":{"line":94,"column":2},"end":{"line":94,"column":64}},"33":{"start":{"line":95,"column":2},"end":{"line":95,"column":41}},"34":{"start":{"line":99,"column":13},"end":{"line":99,"column":63}},"35":{"start":{"line":100,"column":2},"end":{"line":100,"column":67}},"36":{"start":{"line":101,"column":2},"end":{"line":103,"column":3}},"37":{"start":{"line":102,"column":4},"end":{"line":102,"column":11}},"38":{"start":{"line":104,"column":2},"end":{"line":107,"column":4}},"39":{"start":{"line":108,"column":2},"end":{"line":108,"column":32}},"40":{"start":{"line":109,"column":2},"end":{"line":109,"column":49}},"41":{"start":{"line":113,"column":13},"end":{"line":113,"column":63}},"42":{"start":{"line":114,"column":2},"end":{"line":114,"column":53}},"43":{"start":{"line":114,"column":29},"end":{"line":114,"column":53}},"44":{"start":{"line":115,"column":2},"end":{"line":115,"column":50}},"45":{"start":{"line":119,"column":2},"end":{"line":121,"column":3}},"46":{"start":{"line":120,"column":4},"end":{"line":120,"column":34}},"47":{"start":{"line":122,"column":2},"end":{"line":124,"column":3}},"48":{"start":{"line":123,"column":4},"end":{"line":123,"column":36}},"49":{"start":{"line":125,"column":2},"end":{"line":127,"column":3}},"50":{"start":{"line":126,"column":4},"end":{"line":126,"column":29}},"51":{"start":{"line":128,"column":2},"end":{"line":130,"column":3}},"52":{"start":{"line":129,"column":4},"end":{"line":129,"column":28}},"53":{"start":{"line":134,"column":2},"end":{"line":134,"column":67}},"54":{"start":{"line":135,"column":2},"end":{"line":135,"column":30}},"55":{"start":{"line":136,"column":2},"end":{"line":136,"column":32}},"56":{"start":{"line":140,"column":2},"end":{"line":143,"column":3}},"57":{"start":{"line":141,"column":4},"end":{"line":141,"column":33}},"58":{"start":{"line":142,"column":4},"end":{"line":142,"column":17}},"59":{"start":{"line":144,"column":2},"end":{"line":144,"column":14}},"60":{"start":{"line":148,"column":20},"end":{"line":148,"column":44}},"61":{"start":{"line":150,"column":20},"end":{"line":150,"column":49}},"62":{"start":{"line":151,"column":2},"end":{"line":151,"column":33}},"63":{"start":{"line":153,"column":2},"end":{"line":159,"column":4}},"64":{"start":{"line":157,"column":12},"end":{"line":157,"column":39}},"65":{"start":{"line":160,"column":2},"end":{"line":166,"column":4}},"66":{"start":{"line":164,"column":12},"end":{"line":164,"column":38}},"67":{"start":{"line":167,"column":2},"end":{"line":171,"column":4}},"68":{"start":{"line":169,"column":6},"end":{"line":169,"column":31}},"69":{"start":{"line":172,"column":2},"end":{"line":178,"column":4}},"70":{"start":{"line":176,"column":12},"end":{"line":176,"column":36}},"71":{"start":{"line":179,"column":2},"end":{"line":185,"column":4}},"72":{"start":{"line":183,"column":12},"end":{"line":183,"column":35}},"73":{"start":{"line":186,"column":2},"end":{"line":192,"column":4}},"74":{"start":{"line":190,"column":12},"end":{"line":190,"column":36}},"75":{"start":{"line":193,"column":2},"end":{"line":193,"column":39}},"76":{"start":{"line":195,"column":2},"end":{"line":202,"column":4}},"77":{"start":{"line":197,"column":27},"end":{"line":197,"column":68}},"78":{"start":{"line":198,"column":6},"end":{"line":200,"column":32}},"79":{"start":{"line":203,"column":2},"end":{"line":223,"column":4}},"80":{"start":{"line":205,"column":27},"end":{"line":205,"column":68}},"81":{"start":{"line":206,"column":6},"end":{"line":206,"column":35}},"82":{"start":{"line":206,"column":28},"end":{"line":206,"column":35}},"83":{"start":{"line":207,"column":16},"end":{"line":207,"column":27}},"84":{"start":{"line":208,"column":6},"end":{"line":208,"column":36}},"85":{"start":{"line":209,"column":6},"end":{"line":209,"column":30}},"86":{"start":{"line":210,"column":6},"end":{"line":210,"column":38}},"87":{"start":{"line":211,"column":6},"end":{"line":211,"column":46}},"88":{"start":{"line":212,"column":6},"end":{"line":212,"column":32}},"89":{"start":{"line":213,"column":6},"end":{"line":213,"column":40}},"90":{"start":{"line":214,"column":6},"end":{"line":214,"column":41}},"91":{"start":{"line":217,"column":6},"end":{"line":218,"column":65}},"92":{"start":{"line":218,"column":8},"end":{"line":218,"column":65}},"93":{"start":{"line":221,"column":6},"end":{"line":221,"column":38}},"94":{"start":{"line":227,"column":12},"end":{"line":227,"column":44}},"95":{"start":{"line":228,"column":2},"end":{"line":228,"column":23}},"96":{"start":{"line":229,"column":2},"end":{"line":229,"column":18}},"97":{"start":{"line":230,"column":2},"end":{"line":230,"column":14}},"98":{"start":{"line":231,"column":2},"end":{"line":231,"column":24}},"99":{"start":{"line":232,"column":2},"end":{"line":232,"column":13}}},"fnMap":{"0":{"name":"fitImageToCanvas","decl":{"start":{"line":17,"column":16},"end":{"line":17,"column":32}},"loc":{"start":{"line":24,"column":2},"end":{"line":48,"column":1}},"line":24},"1":{"name":"fitImage","decl":{"start":{"line":50,"column":16},"end":{"line":50,"column":24}},"loc":{"start":{"line":50,"column":67},"end":{"line":68,"column":1}},"line":50},"2":{"name":"fitVertical","decl":{"start":{"line":70,"column":16},"end":{"line":70,"column":27}},"loc":{"start":{"line":70,"column":60},"end":{"line":73,"column":1}},"line":70},"3":{"name":"fitHorizontal","decl":{"start":{"line":75,"column":16},"end":{"line":75,"column":29}},"loc":{"start":{"line":75,"column":61},"end":{"line":78,"column":1}},"line":75},"4":{"name":"moveHorizontal","decl":{"start":{"line":80,"column":9},"end":{"line":80,"column":23}},"loc":{"start":{"line":80,"column":39},"end":{"line":87,"column":1}},"line":80},"5":{"name":"moveVertical","decl":{"start":{"line":89,"column":9},"end":{"line":89,"column":21}},"loc":{"start":{"line":89,"column":37},"end":{"line":96,"column":1}},"line":89},"6":{"name":"extendWidth","decl":{"start":{"line":98,"column":9},"end":{"line":98,"column":20}},"loc":{"start":{"line":98,"column":36},"end":{"line":110,"column":1}},"line":98},"7":{"name":"calulateNewValue","decl":{"start":{"line":112,"column":16},"end":{"line":112,"column":32}},"loc":{"start":{"line":112,"column":51},"end":{"line":116,"column":1}},"line":112},"8":{"name":"saveImageData","decl":{"start":{"line":118,"column":9},"end":{"line":118,"column":22}},"loc":{"start":{"line":118,"column":49},"end":{"line":131,"column":1}},"line":118},"9":{"name":"applyChanges","decl":{"start":{"line":133,"column":9},"end":{"line":133,"column":21}},"loc":{"start":{"line":133,"column":38},"end":{"line":137,"column":1}},"line":133},"10":{"name":"validateElement","decl":{"start":{"line":139,"column":9},"end":{"line":139,"column":24}},"loc":{"start":{"line":139,"column":34},"end":{"line":145,"column":1}},"line":139},"11":{"name":"createControllBar","decl":{"start":{"line":147,"column":9},"end":{"line":147,"column":26}},"loc":{"start":{"line":147,"column":42},"end":{"line":224,"column":1}},"line":147},"12":{"name":"(anonymous_12)","decl":{"start":{"line":157,"column":6},"end":{"line":157,"column":7}},"loc":{"start":{"line":157,"column":12},"end":{"line":157,"column":39}},"line":157},"13":{"name":"(anonymous_13)","decl":{"start":{"line":164,"column":6},"end":{"line":164,"column":7}},"loc":{"start":{"line":164,"column":12},"end":{"line":164,"column":38}},"line":164},"14":{"name":"(anonymous_14)","decl":{"start":{"line":168,"column":73},"end":{"line":168,"column":74}},"loc":{"start":{"line":169,"column":6},"end":{"line":169,"column":31}},"line":169},"15":{"name":"(anonymous_15)","decl":{"start":{"line":176,"column":6},"end":{"line":176,"column":7}},"loc":{"start":{"line":176,"column":12},"end":{"line":176,"column":36}},"line":176},"16":{"name":"(anonymous_16)","decl":{"start":{"line":183,"column":6},"end":{"line":183,"column":7}},"loc":{"start":{"line":183,"column":12},"end":{"line":183,"column":35}},"line":183},"17":{"name":"(anonymous_17)","decl":{"start":{"line":190,"column":6},"end":{"line":190,"column":7}},"loc":{"start":{"line":190,"column":12},"end":{"line":190,"column":36}},"line":190},"18":{"name":"submitImageDate","decl":{"start":{"line":196,"column":54},"end":{"line":196,"column":69}},"loc":{"start":{"line":196,"column":72},"end":{"line":201,"column":5}},"line":196},"19":{"name":"importStyledPhoto","decl":{"start":{"line":204,"column":58},"end":{"line":204,"column":75}},"loc":{"start":{"line":204,"column":78},"end":{"line":222,"column":5}},"line":204},"20":{"name":"generateButton","decl":{"start":{"line":226,"column":9},"end":{"line":226,"column":23}},"loc":{"start":{"line":226,"column":43},"end":{"line":233,"column":1}},"line":226}},"branchMap":{"0":{"loc":{"start":{"line":26,"column":9},"end":{"line":26,"column":27}},"type":"cond-expr","locations":[{"start":{"line":26,"column":16},"end":{"line":26,"column":20}},{"start":{"line":26,"column":23},"end":{"line":26,"column":27}}],"line":26},"1":{"loc":{"start":{"line":27,"column":15},"end":{"line":27,"column":58}},"type":"cond-expr","locations":[{"start":{"line":27,"column":26},"end":{"line":27,"column":34}},{"start":{"line":27,"column":37},"end":{"line":27,"column":58}}],"line":27},"2":{"loc":{"start":{"line":27,"column":37},"end":{"line":27,"column":58}},"type":"cond-expr","locations":[{"start":{"line":27,"column":52},"end":{"line":27,"column":54}},{"start":{"line":27,"column":57},"end":{"line":27,"column":58}}],"line":27},"3":{"loc":{"start":{"line":55,"column":2},"end":{"line":65,"column":3}},"type":"if","locations":[{"start":{"line":55,"column":2},"end":{"line":65,"column":3}},{"start":{"line":55,"column":2},"end":{"line":65,"column":3}}],"line":55},"4":{"loc":{"start":{"line":57,"column":4},"end":{"line":59,"column":5}},"type":"if","locations":[{"start":{"line":57,"column":4},"end":{"line":59,"column":5}},{"start":{"line":57,"column":4},"end":{"line":59,"column":5}}],"line":57},"5":{"loc":{"start":{"line":62,"column":4},"end":{"line":64,"column":5}},"type":"if","locations":[{"start":{"line":62,"column":4},"end":{"line":64,"column":5}},{"start":{"line":62,"column":4},"end":{"line":64,"column":5}}],"line":62},"6":{"loc":{"start":{"line":81,"column":12},"end":{"line":81,"column":66}},"type":"binary-expr","locations":[{"start":{"line":81,"column":12},"end":{"line":81,"column":19}},{"start":{"line":81,"column":23},"end":{"line":81,"column":66}}],"line":81},"7":{"loc":{"start":{"line":82,"column":2},"end":{"line":84,"column":3}},"type":"if","locations":[{"start":{"line":82,"column":2},"end":{"line":84,"column":3}},{"start":{"line":82,"column":2},"end":{"line":84,"column":3}}],"line":82},"8":{"loc":{"start":{"line":90,"column":12},"end":{"line":90,"column":66}},"type":"binary-expr","locations":[{"start":{"line":90,"column":12},"end":{"line":90,"column":19}},{"start":{"line":90,"column":23},"end":{"line":90,"column":66}}],"line":90},"9":{"loc":{"start":{"line":91,"column":2},"end":{"line":93,"column":3}},"type":"if","locations":[{"start":{"line":91,"column":2},"end":{"line":93,"column":3}},{"start":{"line":91,"column":2},"end":{"line":93,"column":3}}],"line":91},"10":{"loc":{"start":{"line":99,"column":13},"end":{"line":99,"column":63}},"type":"cond-expr","locations":[{"start":{"line":99,"column":36},"end":{"line":99,"column":56}},{"start":{"line":99,"column":59},"end":{"line":99,"column":63}}],"line":99},"11":{"loc":{"start":{"line":100,"column":12},"end":{"line":100,"column":66}},"type":"binary-expr","locations":[{"start":{"line":100,"column":12},"end":{"line":100,"column":19}},{"start":{"line":100,"column":23},"end":{"line":100,"column":66}}],"line":100},"12":{"loc":{"start":{"line":101,"column":2},"end":{"line":103,"column":3}},"type":"if","locations":[{"start":{"line":101,"column":2},"end":{"line":103,"column":3}},{"start":{"line":101,"column":2},"end":{"line":103,"column":3}}],"line":101},"13":{"loc":{"start":{"line":105,"column":4},"end":{"line":105,"column":79}},"type":"cond-expr","locations":[{"start":{"line":105,"column":37},"end":{"line":105,"column":56}},{"start":{"line":105,"column":59},"end":{"line":105,"column":79}}],"line":105},"14":{"loc":{"start":{"line":113,"column":13},"end":{"line":113,"column":63}},"type":"cond-expr","locations":[{"start":{"line":113,"column":36},"end":{"line":113,"column":56}},{"start":{"line":113,"column":59},"end":{"line":113,"column":63}}],"line":113},"15":{"loc":{"start":{"line":114,"column":2},"end":{"line":114,"column":53}},"type":"if","locations":[{"start":{"line":114,"column":2},"end":{"line":114,"column":53}},{"start":{"line":114,"column":2},"end":{"line":114,"column":53}}],"line":114},"16":{"loc":{"start":{"line":114,"column":6},"end":{"line":114,"column":27}},"type":"binary-expr","locations":[{"start":{"line":114,"column":6},"end":{"line":114,"column":12}},{"start":{"line":114,"column":16},"end":{"line":114,"column":27}}],"line":114},"17":{"loc":{"start":{"line":119,"column":2},"end":{"line":121,"column":3}},"type":"if","locations":[{"start":{"line":119,"column":2},"end":{"line":121,"column":3}},{"start":{"line":119,"column":2},"end":{"line":121,"column":3}}],"line":119},"18":{"loc":{"start":{"line":122,"column":2},"end":{"line":124,"column":3}},"type":"if","locations":[{"start":{"line":122,"column":2},"end":{"line":124,"column":3}},{"start":{"line":122,"column":2},"end":{"line":124,"column":3}}],"line":122},"19":{"loc":{"start":{"line":125,"column":2},"end":{"line":127,"column":3}},"type":"if","locations":[{"start":{"line":125,"column":2},"end":{"line":127,"column":3}},{"start":{"line":125,"column":2},"end":{"line":127,"column":3}}],"line":125},"20":{"loc":{"start":{"line":128,"column":2},"end":{"line":130,"column":3}},"type":"if","locations":[{"start":{"line":128,"column":2},"end":{"line":130,"column":3}},{"start":{"line":128,"column":2},"end":{"line":130,"column":3}}],"line":128},"21":{"loc":{"start":{"line":134,"column":12},"end":{"line":134,"column":66}},"type":"binary-expr","locations":[{"start":{"line":134,"column":12},"end":{"line":134,"column":19}},{"start":{"line":134,"column":23},"end":{"line":134,"column":66}}],"line":134},"22":{"loc":{"start":{"line":140,"column":2},"end":{"line":143,"column":3}},"type":"if","locations":[{"start":{"line":140,"column":2},"end":{"line":143,"column":3}},{"start":{"line":140,"column":2},"end":{"line":143,"column":3}}],"line":140},"23":{"loc":{"start":{"line":198,"column":33},"end":{"line":200,"column":31}},"type":"cond-expr","locations":[{"start":{"line":199,"column":10},"end":{"line":199,"column":44}},{"start":{"line":200,"column":10},"end":{"line":200,"column":31}}],"line":198},"24":{"loc":{"start":{"line":206,"column":6},"end":{"line":206,"column":35}},"type":"if","locations":[{"start":{"line":206,"column":6},"end":{"line":206,"column":35}},{"start":{"line":206,"column":6},"end":{"line":206,"column":35}}],"line":206}},"s":{"0":1,"1":1,"2":0,"3":0,"4":0,"5":0,"6":0,"7":0,"8":0,"9":0,"10":0,"11":2,"12":2,"13":2,"14":2,"15":0,"16":0,"17":0,"18":0,"19":2,"20":4,"21":4,"22":6,"23":6,"24":0,"25":0,"26":0,"27":0,"28":0,"29":0,"30":0,"31":0,"32":0,"33":0,"34":0,"35":0,"36":0,"37":0,"38":0,"39":0,"40":0,"41":2,"42":2,"43":1,"44":1,"45":0,"46":0,"47":0,"48":0,"49":0,"50":0,"51":0,"52":0,"53":0,"54":0,"55":0,"56":0,"57":0,"58":0,"59":0,"60":0,"61":0,"62":0,"63":0,"64":0,"65":0,"66":0,"67":0,"68":0,"69":0,"70":0,"71":0,"72":0,"73":0,"74":0,"75":0,"76":0,"77":0,"78":0,"79":0,"80":0,"81":0,"82":0,"83":0,"84":0,"85":0,"86":0,"87":0,"88":0,"89":0,"90":0,"91":0,"92":0,"93":0,"94":0,"95":0,"96":0,"97":0,"98":0,"99":0},"f":{"0":0,"1":2,"2":4,"3":6,"4":0,"5":0,"6":0,"7":2,"8":0,"9":0,"10":0,"11":0,"12":0,"13":0,"14":0,"15":0,"16":0,"17":0,"18":0,"19":0,"20":0},"b":{"0":[0,0],"1":[0,0],"2":[0,0],"3":[2,0],"4":[0,2],"5":[0,0],"6":[0,0],"7":[0,0],"8":[0,0],"9":[0,0],"10":[0,0],"11":[0,0],"12":[0,0],"13":[0,0],"14":[0,2],"15":[1,1],"16":[2,1],"17":[0,0],"18":[0,0],"19":[0,0],"20":[0,0],"21":[0,0],"22":[0,0],"23":[0,0],"24":[0,0]},"_coverageSchema":"1a1c01bbd47fc00a2c39e90264f33305004495a9","hash":"acf9c9e4bd08b4c20b8c9c2a3cc9d30677c4d9a7"}
}
