TN:
SF:app\js\imageTools.js
FN:17,fitImageToCanvas
FN:50,fitImage
FN:70,fitVertical
FN:75,fitHorizontal
FN:80,moveHorizontal
FN:89,moveVertical
FN:98,extendWidth
FN:112,calulateNewValue
FN:118,saveImageData
FN:133,applyChanges
FN:139,validateElement
FN:147,createControllBar
FN:157,(anonymous_12)
FN:164,(anonymous_13)
FN:168,(anonymous_14)
FN:176,(anonymous_15)
FN:183,(anonymous_16)
FN:190,(anonymous_17)
FN:196,submitImageDate
FN:204,importStyledPhoto
FN:226,generateButton
FNF:21
FNH:4
FNDA:0,fitImageToCanvas
FNDA:2,fitImage
FNDA:4,fitVertical
FNDA:6,fitHorizontal
FNDA:0,moveHorizontal
FNDA:0,moveVertical
FNDA:0,extendWidth
FNDA:2,calulateNewValue
FNDA:0,saveImageData
FNDA:0,applyChanges
FNDA:0,validateElement
FNDA:0,createControllBar
FNDA:0,(anonymous_12)
FNDA:0,(anonymous_13)
FNDA:0,(anonymous_14)
FNDA:0,(anonymous_15)
FNDA:0,(anonymous_16)
FNDA:0,(anonymous_17)
FNDA:0,submitImageDate
FNDA:0,importStyledPhoto
FNDA:0,generateButton
DA:1,1
DA:15,1
DA:26,0
DA:27,0
DA:29,0
DA:32,0
DA:33,0
DA:34,0
DA:44,0
DA:45,0
DA:47,0
DA:52,2
DA:55,2
DA:56,2
DA:57,2
DA:58,0
DA:61,0
DA:62,0
DA:63,0
DA:67,2
DA:71,4
DA:72,4
DA:76,6
DA:77,6
DA:81,0
DA:82,0
DA:83,0
DA:85,0
DA:86,0
DA:90,0
DA:91,0
DA:92,0
DA:94,0
DA:95,0
DA:99,0
DA:100,0
DA:101,0
DA:102,0
DA:104,0
DA:108,0
DA:109,0
DA:113,2
DA:114,2
DA:115,1
DA:119,0
DA:120,0
DA:122,0
DA:123,0
DA:125,0
DA:126,0
DA:128,0
DA:129,0
DA:134,0
DA:135,0
DA:136,0
DA:140,0
DA:141,0
DA:142,0
DA:144,0
DA:148,0
DA:150,0
DA:151,0
DA:153,0
DA:157,0
DA:160,0
DA:164,0
DA:167,0
DA:169,0
DA:172,0
DA:176,0
DA:179,0
DA:183,0
DA:186,0
DA:190,0
DA:193,0
DA:195,0
DA:197,0
DA:198,0
DA:203,0
DA:205,0
DA:206,0
DA:207,0
DA:208,0
DA:209,0
DA:210,0
DA:211,0
DA:212,0
DA:213,0
DA:214,0
DA:217,0
DA:218,0
DA:221,0
DA:227,0
DA:228,0
DA:229,0
DA:230,0
DA:231,0
DA:232,0
LF:98
LH:14
BRDA:26,0,0,0
BRDA:26,0,1,0
BRDA:27,1,0,0
BRDA:27,1,1,0
BRDA:27,2,0,0
BRDA:27,2,1,0
BRDA:55,3,0,2
BRDA:55,3,1,0
BRDA:57,4,0,0
BRDA:57,4,1,2
BRDA:62,5,0,0
BRDA:62,5,1,0
BRDA:81,6,0,0
BRDA:81,6,1,0
BRDA:82,7,0,0
BRDA:82,7,1,0
BRDA:90,8,0,0
BRDA:90,8,1,0
BRDA:91,9,0,0
BRDA:91,9,1,0
BRDA:99,10,0,0
BRDA:99,10,1,0
BRDA:100,11,0,0
BRDA:100,11,1,0
BRDA:101,12,0,0
BRDA:101,12,1,0
BRDA:105,13,0,0
BRDA:105,13,1,0
BRDA:113,14,0,0
BRDA:113,14,1,2
BRDA:114,15,0,1
BRDA:114,15,1,1
BRDA:114,16,0,2
BRDA:114,16,1,1
BRDA:119,17,0,0
BRDA:119,17,1,0
BRDA:122,18,0,0
BRDA:122,18,1,0
BRDA:125,19,0,0
BRDA:125,19,1,0
BRDA:128,20,0,0
BRDA:128,20,1,0
BRDA:134,21,0,0
BRDA:134,21,1,0
BRDA:140,22,0,0
BRDA:140,22,1,0
BRDA:198,23,0,0
BRDA:198,23,1,0
BRDA:206,24,0,0
BRDA:206,24,1,0
BRF:50
BRH:7
end_of_record
